<?xml version="1.0" encoding="UTF-8"?>
<!-- Generated by org.testng.reporters.JUnitReportReporter -->
<testsuite hostname="DESKTOP-KRO9T2E" failures="0" tests="1" name="vitigerOrg01.demo05" time="16.841" errors="0" timestamp="2021-12-23T14:16:46 IST" skipped="0">
  <testcase classname="vitigerOrg01.demo05" name="CountofRings" time="16.841"/>
  <system-out/>
</testsuite> <!-- vitigerOrg01.demo05 -->
